E, [2015-02-20T00:36:16.289180 #26926] ERROR -- Kitchen: ------Exception-------
E, [2015-02-20T00:36:16.289335 #26926] ERROR -- Kitchen: Class: Kitchen::UserError
E, [2015-02-20T00:36:16.289394 #26926] ERROR -- Kitchen: Message: Kitchen YAML file /home/chef/chef-repo/cookbooks/.kitchen.yml does not exist.
E, [2015-02-20T00:36:16.289444 #26926] ERROR -- Kitchen: ------Backtrace-------
E, [2015-02-20T00:36:16.289491 #26926] ERROR -- Kitchen: /opt/chefdk/embedded/apps/test-kitchen/lib/kitchen/loader/yaml.rb:74:in `read'
E, [2015-02-20T00:36:16.289538 #26926] ERROR -- Kitchen: /opt/chefdk/embedded/apps/test-kitchen/lib/kitchen/config.rb:139:in `data'
E, [2015-02-20T00:36:16.289599 #26926] ERROR -- Kitchen: /opt/chefdk/embedded/apps/test-kitchen/lib/kitchen/config.rb:118:in `suites'
E, [2015-02-20T00:36:16.289648 #26926] ERROR -- Kitchen: /opt/chefdk/embedded/apps/test-kitchen/lib/kitchen/config.rb:169:in `filter_instances'
E, [2015-02-20T00:36:16.289695 #26926] ERROR -- Kitchen: /opt/chefdk/embedded/apps/test-kitchen/lib/kitchen/config.rb:128:in `build_instances'
E, [2015-02-20T00:36:16.289742 #26926] ERROR -- Kitchen: /opt/chefdk/embedded/apps/test-kitchen/lib/kitchen/config.rb:104:in `instances'
E, [2015-02-20T00:36:16.289806 #26926] ERROR -- Kitchen: /opt/chefdk/embedded/apps/test-kitchen/lib/kitchen/command.rb:115:in `filtered_instances'
E, [2015-02-20T00:36:16.289857 #26926] ERROR -- Kitchen: /opt/chefdk/embedded/apps/test-kitchen/lib/kitchen/command.rb:145:in `parse_subcommand'
E, [2015-02-20T00:36:16.290118 #26926] ERROR -- Kitchen: /opt/chefdk/embedded/apps/test-kitchen/lib/kitchen/command/list.rb:32:in `call'
E, [2015-02-20T00:36:16.290194 #26926] ERROR -- Kitchen: /opt/chefdk/embedded/apps/test-kitchen/lib/kitchen/cli.rb:56:in `perform'
E, [2015-02-20T00:36:16.290245 #26926] ERROR -- Kitchen: /opt/chefdk/embedded/apps/test-kitchen/lib/kitchen/cli.rb:97:in `list'
E, [2015-02-20T00:36:16.290293 #26926] ERROR -- Kitchen: /opt/chefdk/embedded/lib/ruby/gems/2.1.0/gems/thor-0.19.1/lib/thor/command.rb:27:in `run'
E, [2015-02-20T00:36:16.290340 #26926] ERROR -- Kitchen: /opt/chefdk/embedded/lib/ruby/gems/2.1.0/gems/thor-0.19.1/lib/thor/invocation.rb:126:in `invoke_command'
E, [2015-02-20T00:36:16.290400 #26926] ERROR -- Kitchen: /opt/chefdk/embedded/apps/test-kitchen/lib/kitchen/cli.rb:304:in `invoke_task'
E, [2015-02-20T00:36:16.290449 #26926] ERROR -- Kitchen: /opt/chefdk/embedded/lib/ruby/gems/2.1.0/gems/thor-0.19.1/lib/thor.rb:359:in `dispatch'
E, [2015-02-20T00:36:16.290496 #26926] ERROR -- Kitchen: /opt/chefdk/embedded/lib/ruby/gems/2.1.0/gems/thor-0.19.1/lib/thor/base.rb:440:in `start'
E, [2015-02-20T00:36:16.290543 #26926] ERROR -- Kitchen: /opt/chefdk/embedded/apps/test-kitchen/bin/kitchen:13:in `block in <top (required)>'
E, [2015-02-20T00:36:16.290590 #26926] ERROR -- Kitchen: /opt/chefdk/embedded/apps/test-kitchen/lib/kitchen/errors.rb:154:in `with_friendly_errors'
E, [2015-02-20T00:36:16.290640 #26926] ERROR -- Kitchen: /opt/chefdk/embedded/apps/test-kitchen/bin/kitchen:13:in `<top (required)>'
E, [2015-02-20T00:36:16.290688 #26926] ERROR -- Kitchen: /opt/chefdk/bin/kitchen:15:in `load'
E, [2015-02-20T00:36:16.290735 #26926] ERROR -- Kitchen: /opt/chefdk/bin/kitchen:15:in `<main>'
E, [2015-02-20T00:36:16.290780 #26926] ERROR -- Kitchen: ----------------------
